\BOOKMARK [1][-]{section.1}{Introdu\347\343o}{}% 1
\BOOKMARK [2][-]{subsection.1.1}{Contexto}{section.1}% 2
\BOOKMARK [2][-]{subsection.1.2}{Refer\352ncias te\363ricas recomendadas}{section.1}% 3
\BOOKMARK [1][-]{section.2}{O modelo de Amiet}{}% 4
\BOOKMARK [2][-]{subsection.2.1}{Intera\347\343o com uma rajada \372nica}{section.2}% 5
\BOOKMARK [3][-]{subsubsection.2.1.1}{Flutua\347\343o de press\343o sobre o aerof\363lio}{subsection.2.1}% 6
\BOOKMARK [3][-]{subsubsection.2.1.2}{Radia\347\343o ac\372stica}{subsection.2.1}% 7
\BOOKMARK [3][-]{subsubsection.2.1.3}{Implementa\347\343o num\351rica}{subsection.2.1}% 8
\BOOKMARK [2][-]{subsection.2.2}{Intera\347\343o com m\372ltiplas rajadas}{section.2}% 9
\BOOKMARK [3][-]{subsubsection.2.2.1}{Densidade espectral de n\372mero de onda da turbul\352ncia}{subsection.2.2}% 10
\BOOKMARK [3][-]{subsubsection.2.2.2}{Implementa\347\343o num\351rica}{subsection.2.2}% 11
\BOOKMARK [1][-]{section.3}{Usando o pacote}{}% 12
\BOOKMARK [2][-]{subsection.3.1}{Requerimentos}{section.3}% 13
\BOOKMARK [2][-]{subsection.3.2}{Definindo as vari\341veis}{section.3}% 14
\BOOKMARK [3][-]{subsubsection.3.2.1}{Inserindo vari\341veis experimentais \205 m\351todo recomendado}{subsection.3.2}% 15
\BOOKMARK [3][-]{subsubsection.3.2.2}{Calculando vari\341veis secund\341rias}{subsection.3.2}% 16
\BOOKMARK [3][-]{subsubsection.3.2.3}{Inserindo vari\341veis experimentais \205 m\351todo alternativo}{subsection.3.2}% 17
\BOOKMARK [3][-]{subsubsection.3.2.4}{Acessando as vari\341veis experimentais}{subsection.3.2}% 18
\BOOKMARK [3][-]{subsubsection.3.2.5}{Definindo as vari\341veis temporais}{subsection.3.2}% 19
\BOOKMARK [1][-]{section.4}{Exemplos}{}% 20
\BOOKMARK [2][-]{subsection.4.1}{Exemplo 1: Intera\347\343o de Rajada \332nica}{section.4}% 21
\BOOKMARK [1][-]{section.5}{Pseudoc\363digo}{}% 22
\BOOKMARK [1][-]{section.6}{Descri\347\343o das classes}{}% 23
